<?xml version="1.0" encoding="UTF-8"?>
<!-- Generated by org.testng.reporters.JUnitReportReporter -->
<testsuite hostname="Optiplex" failures="0" tests="3" name="testng.TestNG1" time="0.056" errors="0" timestamp="13 Jul 2023 07:14:32 GMT" skipped="0">
  <testcase classname="testng.TestNG1" name="test2" time="0.019"/>
  <testcase classname="testng.TestNG1" name="test1" time="0.024"/>
  <testcase classname="testng.TestNG1" name="test3" time="0.013"/>
</testsuite> <!-- testng.TestNG1 -->
