<?xml version="1.0" encoding="UTF-8"?>
<!-- Generated by org.testng.reporters.JUnitReportReporter -->
<testsuite hostname="Optiplex" failures="0" tests="3" name="testng.LoginPage" time="0.046" errors="0" timestamp="13 Jul 2023 07:07:11 GMT" skipped="0">
  <testcase classname="testng.LoginPage" name="test3" time="0.010"/>
  <testcase classname="testng.LoginPage" name="test2" time="0.021"/>
  <testcase classname="testng.LoginPage" name="test1" time="0.015"/>
</testsuite> <!-- testng.LoginPage -->
